<?xml version="1.0" encoding="UTF-8"?>
<testng-results ignored="0" total="1" passed="1" failed="0" skipped="0">
  <reporter-output>
    <line>
      <![CDATA[Hello Jenkins]]>
    </line>
  </reporter-output>
  <suite started-at="2021-02-03T22:49:10 CET" name="Default suite" finished-at="2021-02-03T22:49:10 CET" duration-ms="80">
    <groups>
    </groups>
    <test started-at="2021-02-03T22:49:10 CET" name="Default test" finished-at="2021-02-03T22:49:10 CET" duration-ms="80">
      <class name="Demo">
        <test-method signature="demo()[pri:0, instance:Demo@6ff29830]" started-at="2021-02-03T22:49:10 CET" name="demo" finished-at="2021-02-03T22:49:10 CET" duration-ms="17" status="PASS">
          <reporter-output>
            <line>
              <![CDATA[Hello Jenkins]]>
            </line>
          </reporter-output>
        </test-method> <!-- demo -->
      </class> <!-- Demo -->
    </test> <!-- Default test -->
  </suite> <!-- Default suite -->
</testng-results>
